#
# There is insufficient memory for the Java Runtime Environment to continue.
# Native memory allocation (malloc) failed to allocate 70768 bytes for Chunk::new
# Possible reasons:
#   The system is out of physical RAM or swap space
#   In 32 bit mode, the process size limit was hit
# Possible solutions:
#   Reduce memory load on the system
#   Increase physical memory or swap space
#   Check if swap backing store is full
#   Use 64 bit Java on a 64 bit OS
#   Decrease Java heap size (-Xmx/-Xms)
#   Decrease number of Java threads
#   Decrease Java thread stack sizes (-Xss)
#   Set larger code cache with -XX:ReservedCodeCacheSize=
# This output file may be truncated or incomplete.
#
#  Out of Memory Error (allocation.cpp:390), pid=1424, tid=0x00000000000028bc
#
# JRE version: Java(TM) SE Runtime Environment (8.0_191-b12) (build 1.8.0_191-b12)
# Java VM: Java HotSpot(TM) 64-Bit Server VM (25.191-b12 mixed mode windows-amd64 compressed oops)
# Failed to write core dump. Minidumps are not enabled by default on client versions of Windows
#

---------------  T H R E A D  ---------------

Current thread (0x000000001b4d8800):  JavaThread "C2 CompilerThread0" daemon [_thread_in_native, id=10428, stack(0x000000001ba00000,0x000000001bb00000)]

Stack: [0x000000001ba00000,0x000000001bb00000]
[error occurred during error reporting (printing stack bounds), id 0xc0000005]

Native frames: (J=compiled Java code, j=interpreted, Vv=VM code, C=native code)


Current CompileTask:
C2:   8823 2587       4       java.net.URLClassLoader$1::run (5 bytes)


---------------  P R O C E S S  ---------------

Java Threads: ( => current thread )
  0x000000001ca23000 JavaThread "JMX server connection timeout 17" daemon [_thread_blocked, id=15144, stack(0x000000001e9a0000,0x000000001eaa0000)]
  0x000000001c9b5000 JavaThread "RMI TCP Connection(2)-127.0.0.1" daemon [_thread_in_native, id=10264, stack(0x000000001e7d0000,0x000000001e8d0000)]
  0x000000001ca4b000 JavaThread "RMI Scheduler(0)" daemon [_thread_blocked, id=7964, stack(0x000000001e410000,0x000000001e510000)]
  0x000000001c990000 JavaThread "RMI TCP Connection(1)-127.0.0.1" daemon [_thread_in_native, id=15228, stack(0x000000001e2d0000,0x000000001e3d0000)]
  0x000000001c8d9800 JavaThread "RMI TCP Accept-0" daemon [_thread_in_native, id=14628, stack(0x000000001d120000,0x000000001d220000)]
  0x000000001c897800 JavaThread "RMI TCP Accept-53463" daemon [_thread_in_native, id=17156, stack(0x000000001cf60000,0x000000001d060000)]
  0x000000001c889000 JavaThread "RMI TCP Accept-0" daemon [_thread_in_native, id=9996, stack(0x000000001ccc0000,0x000000001cdc0000)]
  0x000000001b551800 JavaThread "Service Thread" daemon [_thread_blocked, id=12176, stack(0x000000001bef0000,0x000000001bff0000)]
  0x000000001b4e8800 JavaThread "C1 CompilerThread2" daemon [_thread_blocked, id=13628, stack(0x000000001bd20000,0x000000001be20000)]
  0x000000001b4df800 JavaThread "C2 CompilerThread1" daemon [_thread_in_native, id=11580, stack(0x000000001bb10000,0x000000001bc10000)]
=>0x000000001b4d8800 JavaThread "C2 CompilerThread0" daemon [_thread_in_native, id=10428, stack(0x000000001ba00000,0x000000001bb00000)]
  0x000000001b4d2800 JavaThread "Attach Listener" daemon [_thread_blocked, id=15784, stack(0x000000001b8d0000,0x000000001b9d0000)]
  0x000000001a0af000 JavaThread "Signal Dispatcher" daemon [_thread_blocked, id=15236, stack(0x000000001b120000,0x000000001b220000)]
  0x000000001a090800 JavaThread "Finalizer" daemon [_thread_blocked, id=4928, stack(0x000000001b3d0000,0x000000001b4d0000)]
  0x000000001a049000 JavaThread "Reference Handler" daemon [_thread_blocked, id=2560, stack(0x000000001b270000,0x000000001b370000)]
  0x000000000283e800 JavaThread "main" [_thread_in_native, id=16884, stack(0x0000000002a00000,0x0000000002b00000)]

Other Threads:
  0x000000001a041800 VMThread [stack: 0x000000001aff0000,0x000000001b0f0000] [id=14436]
  0x000000001c8dd000 WatcherThread [stack: 0x000000001cde0000,0x000000001cee0000] [id=14664]

VM state:not at safepoint (normal execution)

VM Mutex/Monitor currently owned by a thread:  ([mutex/lock_event])
[0x000000000283c790] SymbolTable_lock - owner thread: 0x0000000000000000

Heap:
 PSYoungGen      total 56320K, used 47393K [0x0000000781900000, 0x0000000787880000, 0x00000007c0000000)
  eden space 48640K, 85% used [0x0000000781900000,0x0000000784199f68,0x0000000784880000)
  from space 7680K, 75% used [0x0000000784880000,0x0000000784e2e688,0x0000000785000000)
  to   space 11264K, 0% used [0x0000000786d80000,0x0000000786d80000,0x0000000787880000)
 ParOldGen       total 77312K, used 5266K [0x0000000704a00000, 0x0000000709580000, 0x0000000781900000)
  object space 77312K, 6% used [0x0000000704a00000,0x0000000704f24ad8,0x0000000709580000)
 Metaspace       used 29844K, capacity 30834K, committed 31104K, reserved 1077248K
  class space    used 3895K, capacity 4136K, committed 4224K, reserved 1048576K

Card table byte_map: [0x0000000012190000,0x0000000012770000] byte_map_base: 0x000000000e96b000

Marking Bits: (ParMarkBitMap*) 0x0000000070e03e30
 Begin Bits: [0x0000000013320000, 0x00000000161f8000)
 End Bits:   [0x00000000161f8000, 0x00000000190d0000)

Polling page: 0x0000000002120000

CodeCache: size=245760Kb used=10035Kb max_used=10035Kb free=235724Kb
 bounds [0x0000000002dd0000, 0x00000000037b0000, 0x0000000011dd0000]
 total_blobs=3395 nmethods=2977 adapters=327
 compilation: enabled

Compilation events (10 events):
Event: 8.783 Thread 0x000000001b4e8800 nmethod 3015 0x000000000379c9d0 code [0x000000000379cb60, 0x000000000379cdd8]
Event: 8.783 Thread 0x000000001b4e8800 3016       2       java.io.ObjectStreamClass::getPrimFieldValues (10 bytes)
Event: 8.784 Thread 0x000000001b4e8800 nmethod 3016 0x000000000379cf90 code [0x000000000379d100, 0x000000000379d288]
Event: 8.784 Thread 0x000000001b4e8800 3018       2       java.io.ObjectStreamClass::getObjFieldValues (10 bytes)
Event: 8.784 Thread 0x000000001b4e8800 nmethod 3018 0x000000000379d350 code [0x000000000379d4c0, 0x000000000379d648]
Event: 8.813 Thread 0x000000001b4e8800 3019       2       org.springframework.beans.factory.annotation.InitDestroyAnnotationBeanPostProcessor$$Lambda$176/871790326::doWith (21 bytes)
Event: 8.813 Thread 0x000000001b4e8800 nmethod 3019 0x000000000379d710 code [0x000000000379d880, 0x000000000379da28]
Event: 8.813 Thread 0x000000001b4e8800 3020       2       org.springframework.beans.factory.annotation.InitDestroyAnnotationBeanPostProcessor::lambda$buildLifecycleMetadata$0 (181 bytes)
Event: 8.816 Thread 0x000000001b4e8800 nmethod 3020 0x000000000379db10 code [0x000000000379de60, 0x000000000379ec18]
Event: 8.816 Thread 0x000000001b4e8800 3021       2       org.springframework.context.annotation.CommonAnnotationBeanPostProcessor$$Lambda$178/292138977::doWith (17 bytes)

GC Heap History (10 events):
Event: 4.469 GC heap before
{Heap before GC invocations=2 (full 0):
 PSYoungGen      total 56320K, used 55356K [0x0000000781900000, 0x0000000785780000, 0x00000007c0000000)
  eden space 48640K, 100% used [0x0000000781900000,0x0000000784880000,0x0000000784880000)
  from space 7680K, 87% used [0x0000000784880000,0x0000000784f0f2f0,0x0000000785000000)
  to   space 7680K, 0% used [0x0000000785000000,0x0000000785000000,0x0000000785780000)
 ParOldGen       total 128512K, used 16K [0x0000000704a00000, 0x000000070c780000, 0x0000000781900000)
  object space 128512K, 0% used [0x0000000704a00000,0x0000000704a04000,0x000000070c780000)
 Metaspace       used 20629K, capacity 21132K, committed 21248K, reserved 1067008K
  class space    used 2626K, capacity 2797K, committed 2816K, reserved 1048576K
Event: 4.502 GC heap after
Heap after GC invocations=2 (full 0):
 PSYoungGen      total 56320K, used 7664K [0x0000000781900000, 0x0000000785780000, 0x00000007c0000000)
  eden space 48640K, 0% used [0x0000000781900000,0x0000000781900000,0x0000000784880000)
  from space 7680K, 99% used [0x0000000785000000,0x000000078577c398,0x0000000785780000)
  to   space 7680K, 0% used [0x0000000784880000,0x0000000784880000,0x0000000785000000)
 ParOldGen       total 128512K, used 2894K [0x0000000704a00000, 0x000000070c780000, 0x0000000781900000)
  object space 128512K, 2% used [0x0000000704a00000,0x0000000704cd3ae8,0x000000070c780000)
 Metaspace       used 20629K, capacity 21132K, committed 21248K, reserved 1067008K
  class space    used 2626K, capacity 2797K, committed 2816K, reserved 1048576K
}
Event: 4.813 GC heap before
{Heap before GC invocations=3 (full 0):
 PSYoungGen      total 56320K, used 11217K [0x0000000781900000, 0x0000000785780000, 0x00000007c0000000)
  eden space 48640K, 7% used [0x0000000781900000,0x0000000781c78448,0x0000000784880000)
  from space 7680K, 99% used [0x0000000785000000,0x000000078577c398,0x0000000785780000)
  to   space 7680K, 0% used [0x0000000784880000,0x0000000784880000,0x0000000785000000)
 ParOldGen       total 128512K, used 2894K [0x0000000704a00000, 0x000000070c780000, 0x0000000781900000)
  object space 128512K, 2% used [0x0000000704a00000,0x0000000704cd3ae8,0x000000070c780000)
 Metaspace       used 20773K, capacity 21254K, committed 21296K, reserved 1069056K
  class space    used 2644K, capacity 2814K, committed 2816K, reserved 1048576K
Event: 4.819 GC heap after
Heap after GC invocations=3 (full 0):
 PSYoungGen      total 56320K, used 5306K [0x0000000781900000, 0x0000000785780000, 0x00000007c0000000)
  eden space 48640K, 0% used [0x0000000781900000,0x0000000781900000,0x0000000784880000)
  from space 7680K, 69% used [0x0000000784880000,0x0000000784dae910,0x0000000785000000)
  to   space 7680K, 0% used [0x0000000785000000,0x0000000785000000,0x0000000785780000)
 ParOldGen       total 128512K, used 2966K [0x0000000704a00000, 0x000000070c780000, 0x0000000781900000)
  object space 128512K, 2% used [0x0000000704a00000,0x0000000704ce5af8,0x000000070c780000)
 Metaspace       used 20773K, capacity 21254K, committed 21296K, reserved 1069056K
  class space    used 2644K, capacity 2814K, committed 2816K, reserved 1048576K
}
Event: 4.819 GC heap before
{Heap before GC invocations=4 (full 1):
 PSYoungGen      total 56320K, used 5306K [0x0000000781900000, 0x0000000785780000, 0x00000007c0000000)
  eden space 48640K, 0% used [0x0000000781900000,0x0000000781900000,0x0000000784880000)
  from space 7680K, 69% used [0x0000000784880000,0x0000000784dae910,0x0000000785000000)
  to   space 7680K, 0% used [0x0000000785000000,0x0000000785000000,0x0000000785780000)
 ParOldGen       total 128512K, used 2966K [0x0000000704a00000, 0x000000070c780000, 0x0000000781900000)
  object space 128512K, 2% used [0x0000000704a00000,0x0000000704ce5af8,0x000000070c780000)
 Metaspace       used 20773K, capacity 21254K, committed 21296K, reserved 1069056K
  class space    used 2644K, capacity 2814K, committed 2816K, reserved 1048576K
Event: 4.859 GC heap after
Heap after GC invocations=4 (full 1):
 PSYoungGen      total 56320K, used 0K [0x0000000781900000, 0x0000000785780000, 0x00000007c0000000)
  eden space 48640K, 0% used [0x0000000781900000,0x0000000781900000,0x0000000784880000)
  from space 7680K, 0% used [0x0000000784880000,0x0000000784880000,0x0000000785000000)
  to   space 7680K, 0% used [0x0000000785000000,0x0000000785000000,0x0000000785780000)
 ParOldGen       total 77312K, used 5258K [0x0000000704a00000, 0x0000000709580000, 0x0000000781900000)
  object space 77312K, 6% used [0x0000000704a00000,0x0000000704f22ad8,0x0000000709580000)
 Metaspace       used 20772K, capacity 21248K, committed 21296K, reserved 1069056K
  class space    used 2643K, capacity 2813K, committed 2816K, reserved 1048576K
}
Event: 6.867 GC heap before
{Heap before GC invocations=5 (full 1):
 PSYoungGen      total 56320K, used 48640K [0x0000000781900000, 0x0000000785780000, 0x00000007c0000000)
  eden space 48640K, 100% used [0x0000000781900000,0x0000000784880000,0x0000000784880000)
  from space 7680K, 0% used [0x0000000784880000,0x0000000784880000,0x0000000785000000)
  to   space 7680K, 0% used [0x0000000785000000,0x0000000785000000,0x0000000785780000)
 ParOldGen       total 77312K, used 5258K [0x0000000704a00000, 0x0000000709580000, 0x0000000781900000)
  object space 77312K, 6% used [0x0000000704a00000,0x0000000704f22ad8,0x0000000709580000)
 Metaspace       used 25622K, capacity 26484K, committed 26624K, reserved 1073152K
  class space    used 3349K, capacity 3571K, committed 3584K, reserved 1048576K
Event: 6.877 GC heap after
Heap after GC invocations=5 (full 1):
 PSYoungGen      total 56320K, used 5464K [0x0000000781900000, 0x0000000787200000, 0x00000007c0000000)
  eden space 48640K, 0% used [0x0000000781900000,0x0000000781900000,0x0000000784880000)
  from space 7680K, 71% used [0x0000000785000000,0x00000007855560a0,0x0000000785780000)
  to   space 7680K, 0% used [0x0000000784880000,0x0000000784880000,0x0000000785000000)
 ParOldGen       total 77312K, used 5258K [0x0000000704a00000, 0x0000000709580000, 0x0000000781900000)
  object space 77312K, 6% used [0x0000000704a00000,0x0000000704f22ad8,0x0000000709580000)
 Metaspace       used 25622K, capacity 26484K, committed 26624K, reserved 1073152K
  class space    used 3349K, capacity 3571K, committed 3584K, reserved 1048576K
}
Event: 7.739 GC heap before
{Heap before GC invocations=6 (full 1):
 PSYoungGen      total 56320K, used 54104K [0x0000000781900000, 0x0000000787200000, 0x00000007c0000000)
  eden space 48640K, 100% used [0x0000000781900000,0x0000000784880000,0x0000000784880000)
  from space 7680K, 71% used [0x0000000785000000,0x00000007855560a0,0x0000000785780000)
  to   space 7680K, 0% used [0x0000000784880000,0x0000000784880000,0x0000000785000000)
 ParOldGen       total 77312K, used 5258K [0x0000000704a00000, 0x0000000709580000, 0x0000000781900000)
  object space 77312K, 6% used [0x0000000704a00000,0x0000000704f22ad8,0x0000000709580000)
 Metaspace       used 27148K, capacity 28046K, committed 28160K, reserved 1073152K
  class space    used 3551K, capacity 3792K, committed 3840K, reserved 1048576K
Event: 7.747 GC heap after
Heap after GC invocations=6 (full 1):
 PSYoungGen      total 56320K, used 5817K [0x0000000781900000, 0x0000000787880000, 0x00000007c0000000)
  eden space 48640K, 0% used [0x0000000781900000,0x0000000781900000,0x0000000784880000)
  from space 7680K, 75% used [0x0000000784880000,0x0000000784e2e688,0x0000000785000000)
  to   space 11264K, 0% used [0x0000000786d80000,0x0000000786d80000,0x0000000787880000)
 ParOldGen       total 77312K, used 5266K [0x0000000704a00000, 0x0000000709580000, 0x0000000781900000)
  object space 77312K, 6% used [0x0000000704a00000,0x0000000704f24ad8,0x0000000709580000)
 Metaspace       used 27148K, capacity 28046K, committed 28160K, reserved 1073152K
  class space    used 3551K, capacity 3792K, committed 3840K, reserved 1048576K
}

Deoptimization events (10 events):
Event: 4.867 Thread 0x000000000283e800 Uncommon trap: reason=unstable_if action=reinterpret pc=0x000000000313eeb4 method=java.io.WinNTFileSystem.isLetter(C)Z @ 15
Event: 5.223 Thread 0x000000000283e800 Uncommon trap: reason=bimorphic action=maybe_recompile pc=0x00000000031d082c method=java.util.HashMap.putVal(ILjava/lang/Object;Ljava/lang/Object;ZZ)Ljava/lang/Object; @ 253
Event: 5.355 Thread 0x000000000283e800 Uncommon trap: reason=bimorphic action=maybe_recompile pc=0x00000000031d082c method=java.util.HashMap.putVal(ILjava/lang/Object;Ljava/lang/Object;ZZ)Ljava/lang/Object; @ 253
Event: 5.364 Thread 0x000000000283e800 Uncommon trap: reason=bimorphic action=maybe_recompile pc=0x00000000031d082c method=java.util.HashMap.putVal(ILjava/lang/Object;Ljava/lang/Object;ZZ)Ljava/lang/Object; @ 253
Event: 5.370 Thread 0x000000000283e800 Uncommon trap: reason=bimorphic action=maybe_recompile pc=0x00000000031d082c method=java.util.HashMap.putVal(ILjava/lang/Object;Ljava/lang/Object;ZZ)Ljava/lang/Object; @ 253
Event: 5.376 Thread 0x000000000283e800 Uncommon trap: reason=bimorphic action=maybe_recompile pc=0x000000000314d67c method=java.util.HashMap.putVal(ILjava/lang/Object;Ljava/lang/Object;ZZ)Ljava/lang/Object; @ 253
Event: 5.817 Thread 0x000000000283e800 Uncommon trap: reason=unstable_if action=reinterpret pc=0x0000000003134ed4 method=org.springframework.util.ConcurrentReferenceHashMap$Segment.clear()V @ 4
Event: 6.920 Thread 0x000000000283e800 Uncommon trap: reason=unstable_if action=reinterpret pc=0x000000000336874c method=java.net.URL.<init>(Ljava/net/URL;Ljava/lang/String;Ljava/net/URLStreamHandler;)V @ 347
Event: 7.547 Thread 0x000000000283e800 Uncommon trap: reason=unstable_if action=reinterpret pc=0x000000000335b198 method=org.springframework.boot.context.properties.source.ConfigurationPropertyName.equals(Ljava/lang/Object;)Z @ 90
Event: 8.404 Thread 0x000000000283e800 Uncommon trap: reason=unstable_if action=reinterpret pc=0x00000000035f645c method=java.util.LinkedList.node(I)Ljava/util/LinkedList$Node; @ 49

Classes redefined (0 events):
No events

Internal exceptions (10 events):
Event: 8.683 Thread 0x000000000283e800 Exception <a 'java/lang/ClassNotFoundException': org/springframework/beans/factory/config/InstantiationAwareBeanPostProcessorCustomizer> (0x0000000783c30ed0) thrown at [C:\re\workspace\8-2-build-windows-amd64-cygwin\jdk8u191\11896\hotspot\src\share\vm\cla
Event: 8.686 Thread 0x000000000283e800 Exception <a 'java/lang/ClassNotFoundException': org/springframework/beans/factory/config/BeanPostProcessorCustomizer> (0x0000000783c52f00) thrown at [C:\re\workspace\8-2-build-windows-amd64-cygwin\jdk8u191\11896\hotspot\src\share\vm\classfile\systemDicti
Event: 8.686 Thread 0x000000000283e800 Exception <a 'java/lang/ClassNotFoundException': org/springframework/beans/factory/BeanFactoryAwareCustomizer> (0x0000000783c6f650) thrown at [C:\re\workspace\8-2-build-windows-amd64-cygwin\jdk8u191\11896\hotspot\src\share\vm\classfile\systemDictionary.cp
Event: 8.688 Thread 0x000000000283e800 Exception <a 'java/lang/ClassNotFoundException': org/springframework/beans/factory/AwareCustomizer> (0x0000000783c87dc8) thrown at [C:\re\workspace\8-2-build-windows-amd64-cygwin\jdk8u191\11896\hotspot\src\share\vm\classfile\systemDictionary.cpp, line 210
Event: 8.688 Thread 0x000000000283e800 Exception <a 'java/lang/ClassNotFoundException': org/springframework/core/OrderedCustomizer> (0x0000000783c9c570) thrown at [C:\re\workspace\8-2-build-windows-amd64-cygwin\jdk8u191\11896\hotspot\src\share\vm\classfile\systemDictionary.cpp, line 210]
Event: 8.689 Thread 0x000000000283e800 Exception <a 'java/lang/ClassNotFoundException': org/springframework/beans/factory/BeanClassLoaderAwareCustomizer> (0x0000000783cb94d8) thrown at [C:\re\workspace\8-2-build-windows-amd64-cygwin\jdk8u191\11896\hotspot\src\share\vm\classfile\systemDictionar
Event: 8.690 Thread 0x000000000283e800 Exception <a 'java/lang/ClassNotFoundException': org/springframework/beans/factory/AwareCustomizer> (0x0000000783cd16f0) thrown at [C:\re\workspace\8-2-build-windows-amd64-cygwin\jdk8u191\11896\hotspot\src\share\vm\classfile\systemDictionary.cpp, line 210
Event: 8.690 Thread 0x000000000283e800 Exception <a 'java/lang/ClassNotFoundException': org/springframework/aop/framework/AopInfrastructureBeanCustomizer> (0x0000000783ced9b0) thrown at [C:\re\workspace\8-2-build-windows-amd64-cygwin\jdk8u191\11896\hotspot\src\share\vm\classfile\systemDictiona
Event: 8.719 Thread 0x000000000283e800 Exception <a 'java/lang/NoSuchMethodError': java.lang.Object.lambda$thenComparing$36697e65$1(Ljava/util/Comparator;Ljava/lang/Object;Ljava/lang/Object;)I> (0x0000000783df1f18) thrown at [C:\re\workspace\8-2-build-windows-amd64-cygwin\jdk8u191\11896\hotspo
Event: 8.780 Thread 0x000000001c9b5000 Exception <a 'java/lang/reflect/InvocationTargetException'> (0x00000007828b69d8) thrown at [C:\re\workspace\8-2-build-windows-amd64-cygwin\jdk8u191\11896\hotspot\src\share\vm\runtime\reflection.cpp, line 1092]

Events (10 events):
Event: 8.775 loading class org/springframework/aop/IntroductionInfo
Event: 8.775 loading class org/springframework/aop/IntroductionInfo done
Event: 8.779 loading class org/springframework/ui/context/support/UiApplicationContextUtils
Event: 8.779 loading class org/springframework/ui/context/support/UiApplicationContextUtils done
Event: 8.807 loading class org/springframework/ui/context/HierarchicalThemeSource
Event: 8.807 loading class org/springframework/ui/context/HierarchicalThemeSource done
Event: 8.808 loading class org/springframework/ui/context/support/ResourceBundleThemeSource
Event: 8.808 loading class org/springframework/ui/context/support/ResourceBundleThemeSource done
Event: 8.810 loading class org/springframework/ui/context/Theme
Event: 8.811 loading class org/springframework/ui/context/Theme done


Dynamic libraries:
0x000000013ff10000 - 0x000000013ff47000 	C:\Program Files\Java\jre1.8.0_191\bin\javaw.exe
0x00000000779b0000 - 0x0000000077b4f000 	C:\windows\SYSTEM32\ntdll.dll
0x0000000077790000 - 0x00000000778af000 	C:\windows\system32\kernel32.dll
0x000007fefd6e0000 - 0x000007fefd74a000 	C:\windows\system32\KERNELBASE.dll
0x00000000751e0000 - 0x0000000075272000 	C:\windows\System32\SYSFER.DLL
0x000007feffb40000 - 0x000007feffc1b000 	C:\windows\system32\ADVAPI32.dll
0x000007feff560000 - 0x000007feff5ff000 	C:\windows\system32\msvcrt.dll
0x000007fefe080000 - 0x000007fefe09f000 	C:\windows\SYSTEM32\sechost.dll
0x000007feff430000 - 0x000007feff55d000 	C:\windows\system32\RPCRT4.dll
0x00000000502b0000 - 0x00000000505cb000 	C:\ProgramData\Symantec\Symantec Endpoint Protection\14.0.3752.1000.105\Data\Definitions\IPSDefs\20190226.061\IPSEng64.dll
0x0000000077b60000 - 0x0000000077b67000 	C:\windows\system32\PSAPI.DLL
0x00000000778b0000 - 0x00000000779aa000 	C:\windows\system32\USER32.dll
0x000007fefe540000 - 0x000007fefe5a7000 	C:\windows\system32\GDI32.dll
0x000007fefe460000 - 0x000007fefe46e000 	C:\windows\system32\LPK.dll
0x000007fefe470000 - 0x000007fefe53b000 	C:\windows\system32\USP10.dll
0x000007fefbd50000 - 0x000007fefbf44000 	C:\windows\WinSxS\amd64_microsoft.windows.common-controls_6595b64144ccf1df_6.0.7601.18837_none_fa3b1e3d17594757\COMCTL32.dll
0x000007feff3b0000 - 0x000007feff421000 	C:\windows\system32\SHLWAPI.dll
0x000007fefd320000 - 0x000007fefd323000 	C:\windows\system32\api-ms-win-core-synch-l1-2-0.DLL
0x000007feff600000 - 0x000007feff62e000 	C:\windows\system32\IMM32.DLL
0x000007fefdac0000 - 0x000007fefdbc9000 	C:\windows\system32\MSCTF.dll
0x000007fefd3e0000 - 0x000007fefd46b000 	C:\windows\system32\ctiuser.dll
0x000007fefe0a0000 - 0x000007fefe0ed000 	C:\windows\system32\WS2_32.dll
0x000007feff340000 - 0x000007feff348000 	C:\windows\system32\NSI.dll
0x000007fefd330000 - 0x000007fefd339000 	C:\windows\system32\FLTLIB.DLL
0x000000006ad70000 - 0x000000006ae42000 	C:\Program Files\Java\jre1.8.0_191\bin\msvcr100.dll
0x00000000705e0000 - 0x0000000070e84000 	C:\Program Files\Java\jre1.8.0_191\bin\server\jvm.dll
0x000007feeec00000 - 0x000007feeec09000 	C:\windows\system32\WSOCK32.dll
0x000007fef8da0000 - 0x000007fef8ddb000 	C:\windows\system32\WINMM.dll
0x000007fefc4d0000 - 0x000007fefc4dc000 	C:\windows\system32\VERSION.dll
0x0000000071a60000 - 0x0000000071a6f000 	C:\Program Files\Java\jre1.8.0_191\bin\verify.dll
0x0000000071090000 - 0x00000000710b9000 	C:\Program Files\Java\jre1.8.0_191\bin\java.dll
0x0000000070fc0000 - 0x0000000070fd6000 	C:\Program Files\Java\jre1.8.0_191\bin\zip.dll
0x000007fefe5b0000 - 0x000007feff33a000 	C:\windows\system32\SHELL32.dll
0x000007fefd8c0000 - 0x000007fefdabf000 	C:\windows\system32\ole32.dll
0x000007fefd510000 - 0x000007fefd51f000 	C:\windows\system32\profapi.dll
0x0000000071a50000 - 0x0000000071a5d000 	C:\Program Files\Java\jre1.8.0_191\bin\management.dll
0x0000000070fa0000 - 0x0000000070fba000 	C:\Program Files\Java\jre1.8.0_191\bin\net.dll
0x000007fefcbd0000 - 0x000007fefcc25000 	C:\windows\system32\mswsock.dll
0x000007fefcbc0000 - 0x000007fefcbc7000 	C:\windows\System32\wship6.dll
0x00000000021a0000 - 0x00000000021b1000 	C:\Program Files\Java\jre1.8.0_191\bin\nio.dll
0x000007fefb150000 - 0x000007fefb165000 	C:\windows\system32\NLAapi.dll
0x000007fef30f0000 - 0x000007fef3105000 	C:\windows\system32\napinsp.dll
0x000007feeecc0000 - 0x000007feeecd9000 	C:\windows\system32\pnrpnsp.dll
0x000007fefca50000 - 0x000007fefcaab000 	C:\windows\system32\DNSAPI.dll
0x000007fef4ce0000 - 0x000007fef4ceb000 	C:\windows\System32\winrnr.dll
0x000007feeeca0000 - 0x000007feeecb0000 	C:\windows\system32\wshbth.dll
0x000007fefc5a0000 - 0x000007fefc5a7000 	C:\windows\System32\wshtcpip.dll
0x000007fefabc0000 - 0x000007fefabe7000 	C:\windows\system32\IPHLPAPI.DLL
0x000007fefabb0000 - 0x000007fefabbb000 	C:\windows\system32\WINNSI.DLL
0x000007fef8100000 - 0x000007fef8108000 	C:\windows\system32\rasadhlp.dll
0x000007fefa9d0000 - 0x000007fefaa23000 	C:\windows\System32\fwpuclnt.dll
0x000007fefcc30000 - 0x000007fefcc48000 	C:\windows\system32\CRYPTSP.dll
0x000007fefc930000 - 0x000007fefc977000 	C:\windows\system32\rsaenh.dll
0x000007fefd520000 - 0x000007fefd53e000 	C:\windows\system32\USERENV.dll
0x000007fefd2f0000 - 0x000007fefd2ff000 	C:\windows\system32\CRYPTBASE.dll
0x000007fefa9a0000 - 0x000007fefa9b8000 	C:\windows\system32\dhcpcsvc.DLL
0x000007fefa980000 - 0x000007fefa991000 	C:\windows\system32\dhcpcsvc6.DLL

VM Arguments:
jvm_args: -Dcom.sun.management.jmxremote -Dcom.sun.management.jmxremote.port=53463 -Dcom.sun.management.jmxremote.authenticate=false -Dcom.sun.management.jmxremote.ssl=false -Djava.rmi.server.hostname=localhost -Dspring.liveBeansView.mbeanDomain -Dspring.application.admin.enabled=true -Dfile.encoding=UTF-8 
java_command: com.demo.spring.DemoHrserviceApplication --spring.output.ansi.enabled=always
java_class_path (initial): C:\Sproingtool\demo-hrservice\target\classes;C:\Users\IBM_ADMIN\.m2\repository\org\springframework\boot\spring-boot-starter-web\2.1.3.RELEASE\spring-boot-starter-web-2.1.3.RELEASE.jar;C:\Users\IBM_ADMIN\.m2\repository\org\springframework\boot\spring-boot-starter\2.1.3.RELEASE\spring-boot-starter-2.1.3.RELEASE.jar;C:\Users\IBM_ADMIN\.m2\repository\org\springframework\boot\spring-boot\2.1.3.RELEASE\spring-boot-2.1.3.RELEASE.jar;C:\Users\IBM_ADMIN\.m2\repository\org\springframework\boot\spring-boot-autoconfigure\2.1.3.RELEASE\spring-boot-autoconfigure-2.1.3.RELEASE.jar;C:\Users\IBM_ADMIN\.m2\repository\org\springframework\boot\spring-boot-starter-logging\2.1.3.RELEASE\spring-boot-starter-logging-2.1.3.RELEASE.jar;C:\Users\IBM_ADMIN\.m2\repository\ch\qos\logback\logback-classic\1.2.3\logback-classic-1.2.3.jar;C:\Users\IBM_ADMIN\.m2\repository\ch\qos\logback\logback-core\1.2.3\logback-core-1.2.3.jar;C:\Users\IBM_ADMIN\.m2\repository\org\apache\logging\log4j\log4j-to-slf4j\2.11.2\log4j-to-slf4j-2.11.2.jar;C:\Users\IBM_ADMIN\.m2\repository\org\apache\logging\log4j\log4j-api\2.11.2\log4j-api-2.11.2.jar;C:\Users\IBM_ADMIN\.m2\repository\org\slf4j\jul-to-slf4j\1.7.25\jul-to-slf4j-1.7.25.jar;C:\Users\IBM_ADMIN\.m2\repository\javax\annotation\javax.annotation-api\1.3.2\javax.annotation-api-1.3.2.jar;C:\Users\IBM_ADMIN\.m2\repository\org\yaml\snakeyaml\1.23\snakeyaml-1.23.jar;C:\Users\IBM_ADMIN\.m2\repository\org\springframework\boot\spring-boot-starter-json\2.1.3.RELEASE\spring-boot-starter-json-2.1.3.RELEASE.jar;C:\Users\IBM_ADMIN\.m2\repository\com\fasterxml\jackson\core\jackson-databind\2.9.8\jackson-databind-2.9.8.jar;C:\Users\IBM_ADMIN\.m2\repository\com\fasterxml\jackson\datatype\jackson-datatype-jdk8\2.9.8\jackson-datatype-jdk8-2.9.8.jar;C:\Users\IBM_ADMIN\.m2\repository\com\fasterxml\jackson\datatype\jackson-datatype-jsr310\2.9.8\jackson-datatype-jsr310-2.9.8.jar;C:\Users\IBM_ADMIN\.m2\repository\com\fasterxml\jackson\module\jackson-module-p
Launcher Type: SUN_STANDARD

Environment Variables:
JAVA_HOME=C:\Program Files\Java\jdk1.7.0_67
CLASSPATH=.;C:\PROGRA~1\IBM\SQLLIB\java\db2java.zip;C:\PROGRA~1\IBM\SQLLIB\java\db2jcc.jar;C:\PROGRA~1\IBM\SQLLIB\java\sqlj.zip;C:\PROGRA~1\IBM\SQLLIB\java\db2jcc_license_cu.jar;C:\PROGRA~1\IBM\SQLLIB\bin;C:\PROGRA~1\IBM\SQLLIB\java\common.jar;C:\Program Files\IBM\WebSphere MQ\java\lib\com.ibm.mqjms.jar;C:\Program Files\IBM\WebSphere MQ\java\lib\com.ibm.mq.jar;C:\Program Files\Java\jre1.8.0_161\lib\rt.jar;
PATH=C:/Program Files/Java/jre1.8.0_191/bin/server;C:/Program Files/Java/jre1.8.0_191/bin;C:/Program Files/Java/jre1.8.0_191/lib/amd64;C:\windows\System32;C:\Program Files\Java\jre1.8.0_161\bin;C:\Program Files\Intel\WiFi\bin\;C:\Program Files\Common Files\Intel\WirelessCommon\;C:\Users\IBM_ADMIN\AppData\Local\Programs\Microsoft VS Code\bin;C:\project softwares\node-v10.11.0-win-x64\node-v10.11.0-win-x64;C:\spring-tool-suite\sts-bundle\sts-3.8.4.RELEASE;
USERNAME=srinivas
OS=Windows_NT
PROCESSOR_IDENTIFIER=Intel64 Family 6 Model 61 Stepping 4, GenuineIntel



---------------  S Y S T E M  ---------------

OS: Windows 7 , 64 bit Build 7601 (6.1.7601.24354)

CPU:total 4 (initial active 4) (2 cores per cpu, 2 threads per core) family 6 model 61 stepping 4, cmov, cx8, fxsr, mmx, sse, sse2, sse3, ssse3, sse4.1, sse4.2, popcnt, avx, avx2, aes, clmul, erms, rtm, 3dnowpref, lzcnt, ht, tsc, tscinvbit, bmi1, bmi2, adx

Memory: 4k page, physical 12271856k(455120k free), swap 24385920k(7608k free)

vm_info: Java HotSpot(TM) 64-Bit Server VM (25.191-b12) for windows-amd64 JRE (1.8.0_191-b12), built on Oct  6 2018 09:29:03 by "java_re" with MS VC++ 10.0 (VS2010)

time: Wed Feb 27 14:39:10 2019
elapsed time: 8 seconds (0d 0h 0m 8s)

